000.000 =============================================================
000.000                     Station A                               
000.000 -------------------------------------------------------------
000.000 Protocol.lib, version 4.0, jiangyanjun0718@bupt.edu.cn
000.000 Channel: 8000 bps, 270 ms propagation delay, bit error rate 1.0E-04
000.000 Log file "datalink-A.log", TCP port 59144, debug mask 0x00
000.000 Station A is waiting for station B on TCP port 59144 ... Done.
000.151 New epoch: Sat May  8 12:18:35 2021
000.155 =================================================================
000.156 
000.159 Designed by Jiang Yanjun, build: May  8 2021  12:17:34
003.419 .... 4 packets received, 3841 bps, 48.01%, Err 2 (1.0e-04)
006.338 .... 13 packets received, 5270 bps, 65.87%, Err 5 (1.2e-04)
009.256 .... 20 packets received, 5139 bps, 64.24%, Err 7 (1.1e-04)
012.702 .... 32 packets received, 5741 bps, 71.76%, Err 9 (9.7e-05)
017.476 .... 39 packets received, 4933 bps, 61.67%, Err 14 (1.1e-04)
021.185 .... 46 packets received, 4734 bps, 59.18%, Err 16 (9.9e-05)
023.278 .... 57 packets received, 5308 bps, 66.35%, Err 17 (9.6e-05)
029.655 .... 60 packets received, 4331 bps, 54.14%, Err 26 (1.1e-04)
032.834 .... 64 packets received, 4155 bps, 51.93%, Err 28 (1.1e-04)
038.663 .... 78 packets received, 4274 bps, 53.42%, Err 35 (1.2e-04)
043.158 .... 88 packets received, 4304 bps, 53.80%, Err 38 (1.1e-04)
046.087 .... 100 packets received, 4571 bps, 57.14%, Err 40 (1.1e-04)
048.188 .... 107 packets received, 4672 bps, 58.40%, Err 41 (1.1e-04)
051.378 .... 117 packets received, 4784 bps, 59.79%, Err 43 (1.1e-04)
053.508 .... 128 packets received, 5020 bps, 62.75%, Err 43 (1.0e-04)
055.613 .... 135 packets received, 5089 bps, 63.62%, Err 44 (1.0e-04)
057.705 .... 143 packets received, 5191 bps, 64.89%, Err 45 (9.9e-05)
059.818 .... 150 packets received, 5248 bps, 65.61%, Err 45 (9.6e-05)
062.465 .... 156 packets received, 5222 bps, 65.28%, Err 46 (9.4e-05)
064.610 .... 167 packets received, 5401 bps, 67.51%, Err 46 (9.0e-05)
070.958 .... 172 packets received, 5056 bps, 63.20%, Err 59 (1.1e-04)
073.886 .... 180 packets received, 5078 bps, 63.47%, Err 61 (1.0e-04)
075.971 .... 192 packets received, 5265 bps, 65.81%, Err 61 (1.0e-04)
079.171 .... 200 packets received, 5259 bps, 65.74%, Err 62 (9.9e-05)
081.318 .... 211 packets received, 5399 bps, 67.49%, Err 63 (9.8e-05)
083.936 .... 213 packets received, 5278 bps, 65.97%, Err 67 (1.0e-04)
086.863 .... 217 packets received, 5193 bps, 64.91%, Err 69 (1.0e-04)
089.772 .... 228 packets received, 5277 bps, 65.96%, Err 71 (1.0e-04)
091.886 .... 233 packets received, 5267 bps, 65.84%, Err 72 (9.9e-05)
094.803 .... 238 packets received, 5212 bps, 65.15%, Err 75 (1.0e-04)
096.904 .... 247 packets received, 5290 bps, 66.13%, Err 77 (1.0e-04)
099.025 .... 255 packets received, 5343 bps, 66.79%, Err 79 (1.0e-04)
104.430 .... 261 packets received, 5182 bps, 64.78%, Err 79 (9.9e-05)
108.555 .... 262 packets received, 5002 bps, 62.53%, Err 79 (9.9e-05)
112.676 .... 263 packets received, 4835 bps, 60.44%, Err 79 (9.9e-05)
116.900 .... 264 packets received, 4677 bps, 58.46%, Err 79 (9.9e-05)
121.042 .... 265 packets received, 4532 bps, 56.65%, Err 79 (9.8e-05)
125.218 .... 266 packets received, 4396 bps, 54.95%, Err 79 (9.8e-05)
129.234 .... 267 packets received, 4274 bps, 53.42%, Err 79 (9.8e-05)
133.330 .... 268 packets received, 4157 bps, 51.96%, Err 79 (9.7e-05)
138.558 .... 269 packets received, 4013 bps, 50.17%, Err 80 (9.8e-05)
142.525 .... 270 packets received, 3915 bps, 48.94%, Err 81 (9.9e-05)
146.821 .... 271 packets received, 3814 bps, 47.67%, Err 82 (9.9e-05)
149.966 .... 272 packets received, 3747 bps, 46.83%, Err 82 (9.9e-05)
154.243 .... 273 packets received, 3655 bps, 45.69%, Err 82 (9.9e-05)
158.302 .... 274 packets received, 3574 bps, 44.67%, Err 82 (9.9e-05)
162.426 .... 275 packets received, 3495 bps, 43.69%, Err 82 (9.8e-05)
166.612 .... 276 packets received, 3419 bps, 42.74%, Err 82 (9.8e-05)
170.750 .... 277 packets received, 3348 bps, 41.85%, Err 82 (9.8e-05)
174.830 .... 278 packets received, 3281 bps, 41.01%, Err 82 (9.8e-05)
178.999 .... 279 packets received, 3215 bps, 40.19%, Err 82 (9.7e-05)
183.137 .... 280 packets received, 3153 bps, 39.42%, Err 82 (9.7e-05)
188.237 .... 281 packets received, 3078 bps, 38.48%, Err 83 (9.8e-05)
191.356 .... 282 packets received, 3039 bps, 37.98%, Err 83 (9.7e-05)
195.556 .... 283 packets received, 2983 bps, 37.29%, Err 83 (9.7e-05)
199.643 .... 284 packets received, 2932 bps, 36.65%, Err 83 (9.7e-05)
201.855 .... 286 packets received, 2920 bps, 36.50%, Err 85 (9.8e-05)
204.003 .... 293 packets received, 2960 bps, 37.00%, Err 87 (9.8e-05)
206.639 .... 300 packets received, 2992 bps, 37.40%, Err 90 (9.9e-05)
208.753 .... 311 packets received, 3070 bps, 38.38%, Err 91 (9.8e-05)
212.978 .... 312 packets received, 3018 bps, 37.73%, Err 96 (1.0e-04)
215.123 .... 321 packets received, 3074 bps, 38.43%, Err 97 (9.9e-05)
218.062 .... 325 packets received, 3070 bps, 38.38%, Err 99 (9.9e-05)
220.168 .... 336 packets received, 3144 bps, 39.30%, Err 100 (9.8e-05)
224.423 .... 337 packets received, 3093 bps, 38.66%, Err 105 (1.0e-04)
227.620 .... 343 packets received, 3104 bps, 38.80%, Err 108 (1.0e-04)
230.510 .... 352 packets received, 3145 bps, 39.31%, Err 110 (1.0e-04)
232.623 .... 363 packets received, 3214 bps, 40.17%, Err 110 (9.8e-05)
235.561 .... 366 packets received, 3200 bps, 39.99%, Err 114 (1.0e-04)
238.236 .... 370 packets received, 3198 bps, 39.97%, Err 116 (1.0e-04)
241.629 .... 379 packets received, 3230 bps, 40.37%, Err 118 (9.9e-05)
244.295 .... 391 packets received, 3295 bps, 41.19%, Err 120 (9.9e-05)
246.433 .... 400 packets received, 3342 bps, 41.77%, Err 121 (9.9e-05)
249.356 .... 403 packets received, 3327 bps, 41.59%, Err 124 (9.9e-05)
252.239 .... 411 packets received, 3354 bps, 41.93%, Err 127 (1.0e-04)
254.636 .... 422 packets received, 3411 bps, 42.64%, Err 129 (1.0e-04)
257.794 .... 432 packets received, 3449 bps, 43.11%, Err 132 (1.0e-04)
260.448 .... 437 packets received, 3453 bps, 43.17%, Err 134 (1.0e-04)
263.142 .... 446 packets received, 3488 bps, 43.60%, Err 137 (1.0e-04)
267.627 .... 452 packets received, 3476 bps, 43.45%, Err 143 (1.0e-04)
271.070 .... 458 packets received, 3477 bps, 43.46%, Err 144 (1.0e-04)
273.993 .... 470 packets received, 3530 bps, 44.12%, Err 145 (1.0e-04)
276.089 .... 480 packets received, 3577 bps, 44.72%, Err 147 (1.0e-04)
280.327 .... 481 packets received, 3530 bps, 44.13%, Err 153 (1.0e-04)
283.276 .... 490 packets received, 3559 bps, 44.48%, Err 154 (1.0e-04)
285.368 .... 498 packets received, 3590 bps, 44.88%, Err 155 (1.0e-04)
287.507 .... 505 packets received, 3613 bps, 45.17%, Err 156 (1.0e-04)
292.811 .... 510 packets received, 3583 bps, 44.79%, Err 160 (1.0e-04)
296.243 .... 522 packets received, 3624 bps, 45.31%, Err 163 (1.0e-04)
301.665 .... 534 packets received, 3641 bps, 45.51%, Err 174 (1.0e-04)
308.306 .... 538 packets received, 3589 bps, 44.86%, Err 177 (1.0e-04)
312.313 .... 540 packets received, 3556 bps, 44.45%, Err 177 (1.0e-04)
316.455 .... 544 packets received, 3535 bps, 44.19%, Err 177 (1.0e-04)
321.207 .... 549 packets received, 3514 bps, 43.93%, Err 177 (1.0e-04)
326.176 .... 550 packets received, 3467 bps, 43.34%, Err 179 (1.0e-04)
329.333 .... 551 packets received, 3440 bps, 43.00%, Err 179 (1.0e-04)
334.368 .... 552 packets received, 3394 bps, 42.43%, Err 181 (1.1e-04)
337.587 .... 553 packets received, 3368 bps, 42.10%, Err 181 (1.1e-04)
341.638 .... 554 packets received, 3334 bps, 41.67%, Err 181 (1.1e-04)
346.766 .... 555 packets received, 3290 bps, 41.13%, Err 183 (1.1e-04)
349.863 .... 556 packets received, 3267 bps, 40.83%, Err 183 (1.1e-04)
354.984 .... 557 packets received, 3225 bps, 40.31%, Err 184 (1.1e-04)
358.017 .... 558 packets received, 3203 bps, 40.04%, Err 184 (1.1e-04)
362.174 .... 559 packets received, 3172 bps, 39.65%, Err 184 (1.1e-04)
366.303 .... 560 packets received, 3142 bps, 39.27%, Err 184 (1.1e-04)
370.366 .... 561 packets received, 3113 bps, 38.91%, Err 184 (1.1e-04)
374.446 .... 562 packets received, 3084 bps, 38.56%, Err 184 (1.1e-04)
378.571 .... 563 packets received, 3056 bps, 38.20%, Err 184 (1.1e-04)
382.796 .... 564 packets received, 3028 bps, 37.85%, Err 184 (1.1e-04)
391.499 .... 565 packets received, 2965 bps, 37.07%, Err 186 (1.1e-04)
395.143 .... 567 packets received, 2948 bps, 36.85%, Err 186 (1.1e-04)
399.282 .... 568 packets received, 2923 bps, 36.54%, Err 186 (1.1e-04)
401.339 .... 572 packets received, 2928 bps, 36.60%, Err 186 (1.0e-04)
403.440 .... 579 packets received, 2949 bps, 36.86%, Err 187 (1.0e-04)
405.582 .... 587 packets received, 2974 bps, 37.17%, Err 189 (1.0e-04)
408.475 .... 593 packets received, 2983 bps, 37.28%, Err 191 (1.0e-04)
410.608 .... 604 packets received, 3022 bps, 37.78%, Err 191 (1.0e-04)
413.000 .... 607 packets received, 3019 bps, 37.74%, Err 192 (1.0e-04)
415.109 .... 620 packets received, 3068 bps, 38.35%, Err 192 (1.0e-04)
418.291 .... 628 packets received, 3084 bps, 38.55%, Err 193 (1.0e-04)
420.399 .... 639 packets received, 3122 bps, 39.03%, Err 193 (1.0e-04)
423.048 .... 645 packets received, 3132 bps, 39.15%, Err 194 (1.0e-04)
425.168 .... 652 packets received, 3150 bps, 39.38%, Err 197 (1.0e-04)
428.641 .... 662 packets received, 3172 bps, 39.66%, Err 199 (1.0e-04)
432.578 .... 666 packets received, 3163 bps, 39.53%, Err 203 (1.0e-04)
435.517 .... 674 packets received, 3179 bps, 39.74%, Err 206 (1.0e-04)
440.264 .... 682 packets received, 3182 bps, 39.77%, Err 210 (1.0e-04)
442.922 .... 686 packets received, 3181 bps, 39.76%, Err 211 (1.0e-04)
449.018 .... 698 packets received, 3193 bps, 39.91%, Err 215 (1.0e-04)
452.437 .... 713 packets received, 3237 bps, 40.46%, Err 219 (1.0e-04)
457.743 .... 718 packets received, 3221 bps, 40.27%, Err 223 (1.0e-04)
459.868 .... 735 packets received, 3282 bps, 41.03%, Err 224 (1.0e-04)
462.518 .... 738 packets received, 3277 bps, 40.96%, Err 226 (1.0e-04)
467.527 .... 747 packets received, 3281 bps, 41.02%, Err 229 (9.9e-05)
470.436 .... 760 packets received, 3318 bps, 41.47%, Err 233 (1.0e-04)
472.555 .... 771 packets received, 3351 bps, 41.88%, Err 234 (1.0e-04)
474.696 .... 779 packets received, 3370 bps, 42.13%, Err 234 (9.9e-05)
480.764 .... 785 packets received, 3353 bps, 41.91%, Err 242 (1.0e-04)
484.744 .... 790 packets received, 3347 bps, 41.83%, Err 245 (1.0e-04)
487.402 .... 802 packets received, 3379 bps, 42.24%, Err 250 (1.0e-04)
490.588 .... 809 packets received, 3386 bps, 42.33%, Err 251 (1.0e-04)
492.695 .... 822 packets received, 3426 bps, 42.82%, Err 251 (1.0e-04)
495.081 .... 824 packets received, 3418 bps, 42.72%, Err 254 (1.0e-04)
497.173 .... 834 packets received, 3444 bps, 43.05%, Err 254 (1.0e-04)
500.783 .... 839 packets received, 3440 bps, 43.00%, Err 257 (1.0e-04)
503.886 .... 845 packets received, 3443 bps, 43.04%, Err 257 (1.0e-04)
508.662 .... 847 packets received, 3419 bps, 42.74%, Err 257 (1.0e-04)
512.847 .... 848 packets received, 3395 bps, 42.44%, Err 257 (1.0e-04)
517.013 .... 849 packets received, 3371 bps, 42.14%, Err 257 (1.0e-04)
521.178 .... 850 packets received, 3348 bps, 41.85%, Err 257 (1.0e-04)
525.290 .... 851 packets received, 3326 bps, 41.58%, Err 257 (1.0e-04)
529.414 .... 852 packets received, 3304 bps, 41.30%, Err 257 (9.9e-05)
533.586 .... 853 packets received, 3282 bps, 41.02%, Err 257 (9.9e-05)
537.689 .... 854 packets received, 3261 bps, 40.76%, Err 257 (9.9e-05)
541.781 .... 855 packets received, 3240 bps, 40.50%, Err 257 (9.9e-05)
545.959 .... 856 packets received, 3219 bps, 40.23%, Err 257 (9.9e-05)
549.989 .... 857 packets received, 3199 bps, 39.98%, Err 257 (9.9e-05)
554.150 .... 858 packets received, 3178 bps, 39.73%, Err 257 (9.9e-05)
558.225 .... 859 packets received, 3159 bps, 39.48%, Err 257 (9.9e-05)
562.360 .... 860 packets received, 3139 bps, 39.24%, Err 257 (9.9e-05)
567.539 .... 861 packets received, 3114 bps, 38.93%, Err 258 (9.9e-05)
570.775 .... 862 packets received, 3100 bps, 38.75%, Err 258 (9.9e-05)
574.883 .... 863 packets received, 3081 bps, 38.52%, Err 258 (9.9e-05)
579.948 .... 864 packets received, 3058 bps, 38.22%, Err 259 (9.9e-05)
587.687 .... 865 packets received, 3021 bps, 37.76%, Err 262 (1.0e-04)
591.336 .... 867 packets received, 3009 bps, 37.62%, Err 262 (1.0e-04)
595.365 .... 868 packets received, 2992 bps, 37.40%, Err 263 (1.0e-04)
599.447 .... 869 packets received, 2975 bps, 37.19%, Err 263 (1.0e-04)
602.119 .... 871 packets received, 2969 bps, 37.11%, Err 265 (1.0e-04)
