000.000 =============================================================
000.000                     Station B                               
000.000 -------------------------------------------------------------
000.000 Protocol.lib, version 4.0, jiangyanjun0718@bupt.edu.cn
000.000 Channel: 8000 bps, 270 ms propagation delay, bit error rate 1.0E-04
000.000 Log file "datalink-B.log", TCP port 59144, debug mask 0x00
000.000 Station B is connecting station A (TCP port 59144) ... Done.
000.151 New epoch: Sat May  8 12:18:35 2021
000.152 =================================================================
000.154 
000.159 Designed by Jiang Yanjun, build: May  8 2021  12:17:34
006.275 .... 7 packets received, 2456 bps, 30.70%, Err 4 (8.2e-05)
009.209 .... 14 packets received, 3269 bps, 40.86%, Err 9 (1.2e-04)
011.329 .... 25 packets received, 4701 bps, 58.76%, Err 12 (1.3e-04)
013.450 .... 29 packets received, 4564 bps, 57.05%, Err 13 (1.2e-04)
015.555 .... 36 packets received, 4877 bps, 60.96%, Err 15 (1.2e-04)
018.477 .... 42 packets received, 4768 bps, 59.60%, Err 16 (1.1e-04)
020.830 .... 51 packets received, 5122 bps, 64.02%, Err 18 (1.1e-04)
023.757 .... 63 packets received, 5533 bps, 69.16%, Err 20 (1.1e-04)
026.694 .... 72 packets received, 5616 bps, 70.20%, Err 22 (1.0e-04)
028.788 .... 82 packets received, 5923 bps, 74.04%, Err 23 (1.0e-04)
032.251 .... 85 packets received, 5472 bps, 68.40%, Err 26 (1.0e-04)
037.005 .... 96 packets received, 5377 bps, 67.21%, Err 35 (1.2e-04)
039.950 .... 100 packets received, 5183 bps, 64.79%, Err 37 (1.2e-04)
043.111 .... 111 packets received, 5327 bps, 66.59%, Err 40 (1.2e-04)
045.220 .... 121 packets received, 5534 bps, 69.17%, Err 41 (1.1e-04)
047.337 .... 128 packets received, 5589 bps, 69.87%, Err 42 (1.1e-04)
051.827 .... 130 packets received, 5181 bps, 64.76%, Err 46 (1.1e-04)
055.301 .... 142 packets received, 5301 bps, 66.26%, Err 48 (1.1e-04)
057.394 .... 155 packets received, 5573 bps, 69.67%, Err 49 (1.1e-04)
059.524 .... 161 packets received, 5580 bps, 69.75%, Err 51 (1.1e-04)
063.506 .... 164 packets received, 5325 bps, 66.57%, Err 53 (1.0e-04)
066.112 .... 178 packets received, 5551 bps, 69.38%, Err 56 (1.1e-04)
070.089 .... 182 packets received, 5351 bps, 66.89%, Err 57 (1.0e-04)
072.225 .... 198 packets received, 5649 bps, 70.61%, Err 59 (1.0e-04)
077.242 .... 202 packets received, 5386 bps, 67.33%, Err 64 (1.0e-04)
080.685 .... 214 packets received, 5461 bps, 68.27%, Err 67 (1.0e-04)
083.317 .... 221 packets received, 5461 bps, 68.26%, Err 70 (1.1e-04)
085.992 .... 226 packets received, 5410 bps, 67.62%, Err 71 (1.0e-04)
089.466 .... 230 packets received, 5291 bps, 66.14%, Err 71 (9.9e-05)
094.211 .... 239 packets received, 5220 bps, 65.25%, Err 75 (1.0e-04)
097.381 .... 242 packets received, 5112 bps, 63.90%, Err 78 (1.0e-04)
099.505 .... 255 packets received, 5272 bps, 65.89%, Err 78 (9.8e-05)
101.612 .... 263 packets received, 5324 bps, 66.55%, Err 78 (9.6e-05)
104.258 .... 269 packets received, 5306 bps, 66.33%, Err 82 (9.9e-05)
106.904 .... 275 packets received, 5290 bps, 66.12%, Err 85 (1.0e-04)
109.020 .... 277 packets received, 5225 bps, 65.31%, Err 88 (1.0e-04)
111.667 .... 288 packets received, 5303 bps, 66.28%, Err 89 (1.0e-04)
113.781 .... 297 packets received, 5366 bps, 67.08%, Err 93 (1.0e-04)
116.407 .... 301 packets received, 5316 bps, 66.44%, Err 94 (1.0e-04)
119.074 .... 313 packets received, 5403 bps, 67.54%, Err 97 (1.0e-04)
123.037 .... 316 packets received, 5279 bps, 65.98%, Err 99 (1.0e-04)
127.759 .... 328 packets received, 5276 bps, 65.95%, Err 104 (1.0e-04)
130.662 .... 341 packets received, 5363 bps, 67.03%, Err 105 (1.0e-04)
135.997 .... 349 packets received, 5273 bps, 65.91%, Err 110 (1.0e-04)
138.619 .... 362 packets received, 5365 bps, 67.07%, Err 112 (1.0e-04)
140.722 .... 372 packets received, 5431 bps, 67.88%, Err 113 (1.0e-04)
142.836 .... 380 packets received, 5465 bps, 68.32%, Err 113 (9.9e-05)
144.966 .... 388 packets received, 5498 bps, 68.73%, Err 113 (9.8e-05)
147.318 .... 393 packets received, 5480 bps, 68.50%, Err 115 (9.8e-05)
150.243 .... 402 packets received, 5496 bps, 68.70%, Err 118 (9.8e-05)
152.870 .... 407 packets received, 5468 bps, 68.35%, Err 124 (1.0e-04)
155.794 .... 410 packets received, 5405 bps, 67.56%, Err 125 (1.0e-04)
158.658 .... 412 packets received, 5333 bps, 66.66%, Err 128 (1.0e-04)
161.333 .... 415 packets received, 5282 bps, 66.03%, Err 133 (1.0e-04)
165.257 .... 426 packets received, 5293 bps, 66.17%, Err 140 (1.1e-04)
167.928 .... 428 packets received, 5233 bps, 65.42%, Err 141 (1.1e-04)
170.533 .... 432 packets received, 5201 bps, 65.02%, Err 141 (1.0e-04)
172.666 .... 449 packets received, 5339 bps, 66.74%, Err 142 (1.0e-04)
175.836 .... 454 packets received, 5301 bps, 66.26%, Err 146 (1.0e-04)
177.958 .... 465 packets received, 5365 bps, 67.06%, Err 146 (1.0e-04)
180.621 .... 471 packets received, 5353 bps, 66.92%, Err 148 (1.0e-04)
183.246 .... 479 packets received, 5366 bps, 67.08%, Err 149 (1.0e-04)
187.974 .... 485 packets received, 5296 bps, 66.21%, Err 153 (1.0e-04)
190.382 .... 493 packets received, 5316 bps, 66.44%, Err 157 (1.0e-04)
192.751 .... 505 packets received, 5378 bps, 67.22%, Err 157 (1.0e-04)
194.860 .... 511 packets received, 5383 bps, 67.28%, Err 158 (1.0e-04)
196.964 .... 517 packets received, 5388 bps, 67.35%, Err 159 (1.0e-04)
199.875 .... 520 packets received, 5340 bps, 66.75%, Err 163 (1.0e-04)
201.994 .... 532 packets received, 5406 bps, 67.57%, Err 163 (1.0e-04)
205.184 .... 540 packets received, 5401 bps, 67.52%, Err 165 (1.0e-04)
207.263 .... 550 packets received, 5446 bps, 68.08%, Err 166 (1.0e-04)
211.509 .... 551 packets received, 5346 bps, 66.83%, Err 169 (1.0e-04)
214.954 .... 557 packets received, 5318 bps, 66.47%, Err 172 (1.0e-04)
217.320 .... 569 packets received, 5373 bps, 67.16%, Err 173 (1.0e-04)
219.471 .... 573 packets received, 5358 bps, 66.97%, Err 173 (9.9e-05)
222.395 .... 577 packets received, 5324 bps, 66.55%, Err 177 (1.0e-04)
227.928 .... 585 packets received, 5266 bps, 65.83%, Err 184 (1.0e-04)
230.065 .... 601 packets received, 5360 bps, 67.00%, Err 185 (1.0e-04)
232.454 .... 605 packets received, 5340 bps, 66.75%, Err 187 (1.0e-04)
235.082 .... 609 packets received, 5315 bps, 66.44%, Err 190 (1.0e-04)
238.002 .... 612 packets received, 5276 bps, 65.95%, Err 191 (1.0e-04)
241.181 .... 626 packets received, 5325 bps, 66.57%, Err 192 (1.0e-04)
244.109 .... 633 packets received, 5320 bps, 66.50%, Err 195 (1.0e-04)
246.761 .... 636 packets received, 5288 bps, 66.10%, Err 196 (9.9e-05)
249.916 .... 646 packets received, 5303 bps, 66.29%, Err 199 (1.0e-04)
252.844 .... 655 packets received, 5315 bps, 66.43%, Err 202 (1.0e-04)
255.238 .... 662 packets received, 5321 bps, 66.51%, Err 203 (1.0e-04)
258.400 .... 673 packets received, 5343 bps, 66.79%, Err 206 (1.0e-04)
261.054 .... 677 packets received, 5320 bps, 66.50%, Err 208 (1.0e-04)
266.374 .... 687 packets received, 5291 bps, 66.13%, Err 216 (1.0e-04)
271.193 .... 695 packets received, 5257 bps, 65.71%, Err 220 (1.0e-04)
273.823 .... 701 packets received, 5251 bps, 65.64%, Err 223 (1.0e-04)
276.975 .... 708 packets received, 5243 bps, 65.54%, Err 226 (1.0e-04)
280.172 .... 719 packets received, 5264 bps, 65.80%, Err 230 (1.0e-04)
282.800 .... 722 packets received, 5237 bps, 65.46%, Err 231 (1.0e-04)
284.919 .... 723 packets received, 5205 bps, 65.06%, Err 233 (1.0e-04)
288.128 .... 735 packets received, 5232 bps, 65.40%, Err 234 (1.0e-04)
290.225 .... 743 packets received, 5251 bps, 65.64%, Err 235 (1.0e-04)
292.364 .... 750 packets received, 5262 bps, 65.77%, Err 237 (1.0e-04)
294.476 .... 758 packets received, 5280 bps, 65.99%, Err 237 (1.0e-04)
297.385 .... 764 packets received, 5269 bps, 65.86%, Err 241 (1.0e-04)
300.020 .... 767 packets received, 5243 bps, 65.54%, Err 245 (1.0e-04)
302.660 .... 772 packets received, 5231 bps, 65.39%, Err 245 (1.0e-04)
305.590 .... 783 packets received, 5255 bps, 65.69%, Err 246 (1.0e-04)
307.685 .... 787 packets received, 5246 bps, 65.57%, Err 248 (1.0e-04)
309.812 .... 797 packets received, 5276 bps, 65.95%, Err 250 (1.0e-04)
311.925 .... 805 packets received, 5293 bps, 66.16%, Err 251 (1.0e-04)
316.672 .... 808 packets received, 5233 bps, 65.41%, Err 254 (1.0e-04)
322.229 .... 823 packets received, 5238 bps, 65.47%, Err 258 (1.0e-04)
327.781 .... 839 packets received, 5249 bps, 65.61%, Err 264 (1.0e-04)
330.697 .... 847 packets received, 5252 bps, 65.65%, Err 264 (1.0e-04)
332.816 .... 855 packets received, 5268 bps, 65.85%, Err 265 (1.0e-04)
335.976 .... 861 packets received, 5255 bps, 65.69%, Err 269 (1.0e-04)
338.872 .... 868 packets received, 5253 bps, 65.66%, Err 271 (1.0e-04)
340.972 .... 882 packets received, 5304 bps, 66.31%, Err 271 (9.9e-05)
344.162 .... 890 packets received, 5303 bps, 66.29%, Err 276 (1.0e-04)
347.327 .... 891 packets received, 5260 bps, 65.75%, Err 279 (1.0e-04)
349.426 .... 907 packets received, 5323 bps, 66.53%, Err 279 (1.0e-04)
351.543 .... 915 packets received, 5337 bps, 66.71%, Err 279 (9.9e-05)
354.176 .... 921 packets received, 5332 bps, 66.65%, Err 282 (1.0e-04)
357.370 .... 922 packets received, 5290 bps, 66.13%, Err 285 (1.0e-04)
360.798 .... 929 packets received, 5280 bps, 66.00%, Err 288 (1.0e-04)
363.445 .... 937 packets received, 5286 bps, 66.08%, Err 291 (1.0e-04)
365.573 .... 944 packets received, 5295 bps, 66.18%, Err 293 (1.0e-04)
368.463 .... 950 packets received, 5287 bps, 66.08%, Err 296 (1.0e-04)
371.094 .... 952 packets received, 5260 bps, 65.75%, Err 296 (1.0e-04)
374.803 .... 965 packets received, 5279 bps, 65.99%, Err 299 (1.0e-04)
379.283 .... 973 packets received, 5260 bps, 65.75%, Err 304 (1.0e-04)
382.209 .... 989 packets received, 5305 bps, 66.32%, Err 306 (1.0e-04)
387.238 .... 996 packets received, 5274 bps, 65.92%, Err 311 (1.0e-04)
390.105 .... 1005 packets received, 5282 bps, 66.03%, Err 315 (1.0e-04)
392.773 .... 1011 packets received, 5277 bps, 65.97%, Err 317 (1.0e-04)
397.496 .... 1017 packets received, 5246 bps, 65.57%, Err 320 (1.0e-04)
399.592 .... 1033 packets received, 5300 bps, 66.25%, Err 320 (1.0e-04)
402.531 .... 1038 packets received, 5287 bps, 66.09%, Err 322 (1.0e-04)
405.178 .... 1046 packets received, 5293 bps, 66.16%, Err 324 (1.0e-04)
409.125 .... 1049 packets received, 5257 bps, 65.71%, Err 327 (1.0e-04)
413.091 .... 1059 packets received, 5256 bps, 65.70%, Err 331 (1.0e-04)
415.201 .... 1069 packets received, 5278 bps, 65.98%, Err 331 (1.0e-04)
418.368 .... 1074 packets received, 5263 bps, 65.79%, Err 334 (1.0e-04)
420.508 .... 1086 packets received, 5295 bps, 66.18%, Err 334 (9.9e-05)
426.346 .... 1092 packets received, 5251 bps, 65.64%, Err 342 (1.0e-04)
428.440 .... 1099 packets received, 5259 bps, 65.73%, Err 344 (1.0e-04)
431.104 .... 1103 packets received, 5245 bps, 65.57%, Err 347 (1.0e-04)
433.742 .... 1106 packets received, 5227 bps, 65.34%, Err 349 (1.0e-04)
437.189 .... 1112 packets received, 5214 bps, 65.18%, Err 355 (1.0e-04)
439.816 .... 1116 packets received, 5202 bps, 65.02%, Err 357 (1.0e-04)
442.752 .... 1132 packets received, 5241 bps, 65.52%, Err 358 (1.0e-04)
448.832 .... 1142 packets received, 5216 bps, 65.20%, Err 362 (1.0e-04)
452.529 .... 1157 packets received, 5241 bps, 65.52%, Err 365 (1.0e-04)
454.651 .... 1165 packets received, 5253 bps, 65.66%, Err 365 (1.0e-04)
456.788 .... 1173 packets received, 5264 bps, 65.80%, Err 365 (1.0e-04)
459.184 .... 1178 packets received, 5259 bps, 65.74%, Err 367 (1.0e-04)
462.611 .... 1180 packets received, 5229 bps, 65.36%, Err 372 (1.0e-04)
464.736 .... 1195 packets received, 5271 bps, 65.89%, Err 372 (1.0e-04)
467.636 .... 1202 packets received, 5269 bps, 65.86%, Err 376 (1.0e-04)
469.741 .... 1212 packets received, 5289 bps, 66.11%, Err 376 (1.0e-04)
471.891 .... 1220 packets received, 5300 bps, 66.25%, Err 378 (1.0e-04)
474.772 .... 1226 packets received, 5293 bps, 66.17%, Err 381 (1.0e-04)
477.404 .... 1230 packets received, 5281 bps, 66.02%, Err 383 (1.0e-04)
481.646 .... 1238 packets received, 5269 bps, 65.86%, Err 385 (1.0e-04)
486.181 .... 1250 packets received, 5270 bps, 65.88%, Err 391 (1.0e-04)
489.365 .... 1258 packets received, 5269 bps, 65.87%, Err 392 (1.0e-04)
491.473 .... 1267 packets received, 5284 bps, 66.05%, Err 393 (1.0e-04)
497.019 .... 1272 packets received, 5246 bps, 65.57%, Err 400 (1.0e-04)
500.473 .... 1279 packets received, 5238 bps, 65.48%, Err 404 (1.0e-04)
503.127 .... 1286 packets received, 5239 bps, 65.49%, Err 404 (1.0e-04)
505.237 .... 1299 packets received, 5270 bps, 65.88%, Err 404 (1.0e-04)
507.362 .... 1307 packets received, 5280 bps, 66.00%, Err 405 (1.0e-04)
510.275 .... 1313 packets received, 5274 bps, 65.93%, Err 410 (1.0e-04)
513.172 .... 1322 packets received, 5280 bps, 66.01%, Err 411 (1.0e-04)
515.546 .... 1330 packets received, 5288 bps, 66.10%, Err 412 (1.0e-04)
517.929 .... 1338 packets received, 5295 bps, 66.19%, Err 413 (1.0e-04)
520.014 .... 1349 packets received, 5317 bps, 66.47%, Err 413 (9.9e-05)
522.138 .... 1353 packets received, 5311 bps, 66.39%, Err 416 (1.0e-04)
525.275 .... 1363 packets received, 5319 bps, 66.48%, Err 420 (1.0e-04)
527.922 .... 1372 packets received, 5327 bps, 66.59%, Err 423 (1.0e-04)
530.575 .... 1380 packets received, 5331 bps, 66.64%, Err 426 (1.0e-04)
533.231 .... 1383 packets received, 5316 bps, 66.45%, Err 427 (1.0e-04)
539.311 .... 1398 packets received, 5313 bps, 66.41%, Err 433 (1.0e-04)
542.214 .... 1407 packets received, 5319 bps, 66.48%, Err 434 (1.0e-04)
547.491 .... 1408 packets received, 5271 bps, 65.89%, Err 438 (1.0e-04)
550.360 .... 1414 packets received, 5266 bps, 65.82%, Err 440 (1.0e-04)
552.988 .... 1426 packets received, 5285 bps, 66.07%, Err 444 (1.0e-04)
555.662 .... 1430 packets received, 5275 bps, 65.93%, Err 445 (1.0e-04)
560.921 .... 1442 packets received, 5269 bps, 65.86%, Err 453 (1.0e-04)
563.822 .... 1451 packets received, 5275 bps, 65.93%, Err 454 (1.0e-04)
565.943 .... 1458 packets received, 5280 bps, 66.00%, Err 455 (1.0e-04)
568.330 .... 1462 packets received, 5272 bps, 65.91%, Err 457 (1.0e-04)
572.541 .... 1468 packets received, 5255 bps, 65.69%, Err 460 (1.0e-04)
575.194 .... 1481 packets received, 5277 bps, 65.96%, Err 461 (1.0e-04)
577.344 .... 1492 packets received, 5297 bps, 66.21%, Err 461 (1.0e-04)
579.426 .... 1500 packets received, 5306 bps, 66.32%, Err 462 (1.0e-04)
581.803 .... 1505 packets received, 5302 bps, 66.27%, Err 465 (1.0e-04)
583.909 .... 1515 packets received, 5318 bps, 66.47%, Err 465 (1.0e-04)
586.310 .... 1520 packets received, 5313 bps, 66.42%, Err 468 (1.0e-04)
589.203 .... 1523 packets received, 5298 bps, 66.22%, Err 471 (1.0e-04)
594.486 .... 1532 packets received, 5282 bps, 66.02%, Err 476 (1.0e-04)
597.666 .... 1549 packets received, 5312 bps, 66.40%, Err 478 (1.0e-04)
600.297 .... 1557 packets received, 5316 bps, 66.45%, Err 479 (1.0e-04)
605.392 TCP Disconnected.
