000.000 =============================================================
000.000                     Station B                               
000.000 -------------------------------------------------------------
000.000 Protocol.lib, version 4.0, jiangyanjun0718@bupt.edu.cn
000.000 Channel: 8000 bps, 270 ms propagation delay, bit error rate 1.0E-004
000.000 Log file "gobackn-B.log", TCP port 59144, debug mask 0x00
000.000 Station B is connecting station A (TCP port 59144) ... Done.
000.874 New epoch: Sat May 08 12:42:29 2021
000.875 =================================================================
000.876 
000.876 Designed by Jiang Yanjun, build: Oct 28 2018  16:37:57
000.877 Protocol Options: Piggybacking (Enabled), NAK (Enabled)
006.339 .... 8 packets received, 3163 bps, 39.54%, Err 6 (1.4e-004)
009.517 .... 15 packets received, 3676 bps, 45.94%, Err 8 (1.2e-004)
011.625 .... 23 packets received, 4501 bps, 56.26%, Err 11 (1.3e-004)
014.533 .... 29 packets received, 4441 bps, 55.51%, Err 12 (1.1e-004)
016.935 .... 33 packets received, 4284 bps, 53.55%, Err 14 (1.1e-004)
019.030 .... 36 packets received, 4126 bps, 51.57%, Err 15 (1.0e-004)
021.944 .... 42 packets received, 4138 bps, 51.73%, Err 18 (1.1e-004)
027.531 .... 43 packets received, 3339 bps, 41.74%, Err 22 (1.0e-004)
032.376 .... 50 packets received, 3280 bps, 41.00%, Err 25 (1.0e-004)
035.563 .... 58 packets received, 3453 bps, 43.16%, Err 29 (1.1e-004)
038.731 .... 62 packets received, 3380 bps, 42.24%, Err 33 (1.1e-004)
041.350 .... 68 packets received, 3465 bps, 43.31%, Err 35 (1.1e-004)
043.469 .... 72 packets received, 3485 bps, 43.56%, Err 37 (1.1e-004)
045.594 .... 76 packets received, 3503 bps, 43.79%, Err 39 (1.1e-004)
048.506 .... 82 packets received, 3547 bps, 44.34%, Err 41 (1.1e-004)
050.615 .... 86 packets received, 3561 bps, 44.52%, Err 43 (1.1e-004)
053.518 .... 93 packets received, 3638 bps, 45.47%, Err 45 (1.1e-004)
055.653 .... 97 packets received, 3645 bps, 45.57%, Err 46 (1.1e-004)
058.040 .... 102 packets received, 3673 bps, 45.91%, Err 48 (1.1e-004)
060.131 .... 106 packets received, 3681 bps, 46.02%, Err 52 (1.1e-004)
063.319 .... 110 packets received, 3624 bps, 45.30%, Err 53 (1.1e-004)
065.407 .... 114 packets received, 3634 bps, 45.42%, Err 54 (1.1e-004)
068.055 .... 120 packets received, 3674 bps, 45.92%, Err 56 (1.0e-004)
074.412 .... 128 packets received, 3579 bps, 44.73%, Err 60 (1.0e-004)
078.010 .... 130 packets received, 3464 bps, 43.30%, Err 63 (1.0e-004)
080.071 .... 134 packets received, 3478 bps, 43.47%, Err 64 (1.0e-004)
083.395 .... 138 packets received, 3437 bps, 42.96%, Err 68 (1.0e-004)
086.847 .... 142 packets received, 3394 bps, 42.42%, Err 71 (1.0e-004)
088.952 .... 150 packets received, 3499 bps, 43.74%, Err 71 (1.0e-004)
091.043 .... 158 packets received, 3600 bps, 45.00%, Err 71 (1.0e-004)
094.893 .... 161 packets received, 3518 bps, 43.97%, Err 75 (1.0e-004)
097.284 .... 166 packets received, 3537 bps, 44.21%, Err 76 (1.0e-004)
099.386 .... 170 packets received, 3544 bps, 44.31%, Err 78 (1.0e-004)
101.507 .... 174 packets received, 3551 bps, 44.39%, Err 79 (9.9e-005)
103.619 .... 178 packets received, 3558 bps, 44.47%, Err 82 (1.0e-004)
105.717 .... 186 packets received, 3643 bps, 45.54%, Err 83 (1.0e-004)
107.852 .... 190 packets received, 3647 bps, 45.59%, Err 83 (9.8e-005)
111.032 .... 194 packets received, 3616 bps, 45.20%, Err 86 (9.9e-005)
115.879 .... 201 packets received, 3588 bps, 44.85%, Err 93 (1.0e-004)
117.982 .... 205 packets received, 3594 bps, 44.92%, Err 95 (1.0e-004)
120.117 .... 209 packets received, 3598 bps, 44.98%, Err 97 (1.0e-004)
122.998 .... 212 packets received, 3564 bps, 44.54%, Err 100 (1.0e-004)
125.145 .... 220 packets received, 3634 bps, 45.42%, Err 101 (1.0e-004)
127.273 .... 224 packets received, 3638 bps, 45.47%, Err 104 (1.0e-004)
129.349 .... 232 packets received, 3706 bps, 46.33%, Err 104 (1.0e-004)
131.475 .... 236 packets received, 3709 bps, 46.36%, Err 106 (1.0e-004)
133.850 .... 241 packets received, 3720 bps, 46.50%, Err 110 (1.0e-004)
135.956 .... 249 packets received, 3