000.000 =============================================================
000.000                     Station A                               
000.000 -------------------------------------------------------------
000.000 Protocol.lib, version 4.0, jiangyanjun0718@bupt.edu.cn
000.000 Channel: 8000 bps, 270 ms propagation delay, bit error rate 1.0E-004
000.000 Log file "gobackn-A.log", TCP port 59144, debug mask 0x00
000.000 Station A is waiting for station B on TCP port 59144 ... Done.
000.875 New epoch: Sat May 08 12:42:29 2021
000.875 =================================================================
000.876 
000.877 Designed by Jiang Yanjun, build: Oct 28 2018  16:37:57
000.877 Protocol Options: Piggybacking (Enabled), NAK (Enabled)
003.445 .... 4 packets received, 3816 bps, 47.69%, Err 3 (1.6e-004)
005.535 .... 8 packets received, 3867 bps, 48.34%, Err 5 (1.4e-004)
007.686 .... 11 packets received, 3527 bps, 44.08%, Err 6 (1.1e-004)
010.853 .... 13 packets received, 2786 bps, 34.83%, Err 9 (1.2e-004)
012.928 .... 16 packets received, 2818 bps, 35.22%, Err 9 (9.5e-005)
015.599 .... 21 packets received, 3007 bps, 37.59%, Err 12 (1.0e-004)
019.046 .... 24 packets received, 2769 bps, 34.62%, Err 14 (9.7e-005)
021.139 .... 27 packets received, 2787 bps, 34.84%, Err 16 (1.0e-004)
023.546 .... 31 packets received, 2854 bps, 35.67%, Err 17 (9.5e-005)
025.653 .... 34 packets received, 2859 bps, 35.74%, Err 20 (1.0e-004)
027.778 .... 38 packets received, 2939 bps, 36.74%, Err 20 (9.4e-005)
029.872 .... 41 packets received, 2939 bps, 36.73%, Err 25 (1.1e-004)
032.267 .... 46 packets received, 3042 bps, 38.03%, Err 27 (1.1e-004)
035.579 .... 47 packets received, 2808 bps, 35.10%, Err 32 (1.2e-004)
037.937 .... 51 packets received, 2851 bps, 35.63%, Err 34 (1.2e-004)
041.411 .... 59 packets received, 3012 bps, 37.65%, Err 36 (1.1e-004)
043.532 .... 67 packets received, 3249 bps, 40.61%, Err 36 (1.1e-004)
045.903 .... 71 packets received, 3260 bps, 40.75%, Err 37 (1.0e-004)
049.995 .... 74 packets received, 3112 bps, 38.90%, Err 41 (1.1e-004)
052.093 .... 82 packets received, 3306 bps, 41.33%, Err 41 (1.0e-004)
054.195 .... 86 packets received, 3330 bps, 41.62%, Err 43 (1.0e-004)
056.320 .... 94 packets received, 3499 bps, 43.74%, Err 43 (9.8e-005)
058.444 .... 102 packets received, 3655 bps, 45.69%, Err 43 (9.4e-005)
060.582 .... 110 packets received, 3800 bps, 47.50%, Err 44 (9.3e-005)
062.702 .... 118 packets received, 3936 bps, 49.20%, Err 44 (9.0e-005)
065.872 .... 126 packets received, 3996 bps, 49.95%, Err 48 (9.3e-005)
069.060 .... 130 packets received, 3929 bps, 49.11%, Err 52 (9.6e-005)
071.153 .... 134 packets received, 3929 bps, 49.11%, Err 56 (1.0e-004)
075.529 .... 140 packets received, 3863 bps, 48.28%, Err 57 (9.6e-005)
078.708 .... 148 packets received, 3916 bps, 48.94%, Err 58 (9.4e-005)
081.882 .... 156 packets received, 3965 bps, 49.56%, Err 61 (9.5e-005)
085.734 .... 159 packets received, 3857 bps, 48.21%, Err 64 (9.5e-005)
089.833 .... 163 packets received, 3771 bps, 47.13%, Err 70 (9.9e-005)
091.926 .... 171 packets received, 3864 bps, 48.30%, Err 71 (9.8e-005)
094.041 .... 175 packets received, 3864 bps, 48.31%, Err 73 (9.9e-005)
096.164 .... 179 packets received, 3864 bps, 48.30%, Err 75 (9.9e-005)
098.305 .... 187 packets received, 3948 bps, 49.35%, Err 77 (1.0e-004)
100.392 .... 191 packets received, 3947 bps, 49.34%, Err 79 (1.0e-004)
103.945 .... 194 packets received, 3871 bps, 48.38%, Err 79 (9.9e-005)
108.024 .... 195 packets received, 3742 bps, 46.77%, Err 80 (1.0e-004)
112.146 .... 196 packets received, 3621 bps, 45.27%, Err 80 (1.0e-004)
116.280 .... 197 packets received, 3509 bps, 43.86%, Err 80 (1.0e-004)
120.424 .... 198 packets received, 3404 bps, 42.55%, Err 80 (9.9e-005)
125.392 .... 199 packets received, 3284 bps, 41.05%, Err 81 (1.0e-004)
128.697 .... 200 packets received, 3215 bps, 40.19%, Err 81 (1.0e-004)
132.842 .... 201 packets received, 3129 bps, 39.12%, Err 81 (1.0e-004)
136.934 .... 202 packets received, 3050 bps, 38.13%, Err 81 (9.9e-005)
141.178 .... 203 packets received, 2972 bps, 37.15%, Err 81 (9.9e-005)
145.235 .... 204 packets received, 2903 bps, 36.28%, Err 81 (9.9e-005)
149.282 .... 205 packets received, 2837 bps, 35.46%, Err 81 (9.8e-005)
153.416 .... 206 packets received, 2773 bps, 34.67%, Err 82 (9.9e-005)
157.515 .... 207 packets received, 2714 bps, 33.92%, Err 82 (9.9e-005)
161.673 .... 208 packets received, 2656 bps, 33.20%, Err 82 (9.9e-005)
166.831 .... 209 packets received, 2586 bps, 32.32%, Err 83 (9.9e-005)
170.782 .... 210 packets received, 2538 bps, 31.72%, Err 85 (1.0e-004)
174.126 .... 211 packets received, 2500 bps, 31.25%, Err 85 (1.0e-004)
178.216 .... 212 packets received, 2454 bps, 30.68%, Err 85 (1.0e-004)
182.353 .... 213 packets received, 2409 bps, 30.12%, Err 85 (1.0e-004)
186.404 .... 214 packets received, 2368 bps, 29.60%, Err 85 (1.0e-004)
190.514 .... 215 packets received, 2327 bps, 29.09%, Err 85 (1.0e-004)
194.684 .... 216 packets received, 2287 bps, 28.59%, Err 85 (9.9e-005)
198.895 .... 217 packets received, 2249 bps, 28.11%, Err 85 (9.9e-005)
201.089 .... 220 packets received, 2255 bps, 28.19%, Err 85 (9.8e-005)
204.915 .... 222 packets received, 2233 bps, 27.91%, Err 89 (9.9e-005)
207.028 .... 230 packets received, 2290 bps, 28.62%, Err 90 (9.9e-005)
209.126 .... 233 packets received, 2296 bps, 28.70%, Err 92 (9.9e-005)
211.507 .... 237 packets received, 2309 bps, 28.86%, Err 95 (1.0e-004)
213.630 .... 240 packets received, 2315 bps, 28.94%, Err 96 (9.9e-005)
216.535 .... 247 packets received, 2350 bps, 29.38%, Err 98 (9.9e-005)
221.425 .... 254 packets received, 2363 bps, 29.54%, Err 102 (9.9e-005)
223.515 .... 262 packets received, 2415 bps, 30.18%, Err 102 (9.8e-005)
226.475 .... 268 packets received, 2437 bps, 30.47%, Err 104 (9.7e-005)
229.373 .... 274 packets received, 2460 bps, 30.75%, Err 107 (9.8e-005)
234.270 .... 280 packets received, 2461 bps, 30.77%, Err 111 (9.8e-005)
236.409 .... 284 packets received, 2474 bps, 30.92%, Err 114 (1.0e-004)
238.526 .... 288 packets received, 2486 bps, 31.08%, Err 116 (1.0e-004)
240.627 .... 296 packets received, 2533 bps, 31.66%, Err 117 (9.9e-005)
242.737 .... 299 packets received, 2536 bps, 31.70%, Err 119 (1.0e-004)
244.861 .... 302 packets received, 2539 bps, 31.74%, Err 120 (9.9e-005)
247.002 .... 305 packets received, 2542 bps, 31.78%, Err 124 (1.0e-004)
249.088 .... 308 packets received, 2546 bps, 31.82%, Err 125 (1.0e-004)
