000.000 =============================================================
000.000                     Station B                               
000.000 -------------------------------------------------------------
000.000 Protocol.lib, version 4.0, jiangyanjun0718@bupt.edu.cn
000.000 Channel: 8000 bps, 270 ms propagation delay, bit error rate 1.0E-005
000.000 Log file "stopwait-B.log", TCP port 59144, debug mask 0x03
000.000 Station B is connecting station A (TCP port 59144) ... Done.
000.302 New epoch: Thu May 06 23:19:44 2021
000.302 =================================================================
000.302 
000.302 Designed by Jiang Yanjun, build: Oct 28 2018  16:36:26
000.857 Recv DATA 0 1, ID 10000
000.859 Send ACK  0
001.043 Send DATA 0 0, ID 20000
001.679 Recv DATA 1 1, ID 10001
001.682 Send ACK  1
001.865 Recv ACK  0
001.867 Send DATA 1 1, ID 20001
002.501 Recv DATA 0 0, ID 10002
002.504 Send ACK  0
002.687 Recv ACK  1
002.689 Send DATA 0 0, ID 20002
003.313 Recv DATA 1 1, ID 10003
003.316 .... 4 packets received, 3010 bps, 37.62%, Err 0 (0.0e+000)
003.318 Send ACK  1
004.120 Recv DATA 0 1, ID 10004
004.122 Send ACK  0
004.940 Recv DATA 1 1, ID 10005
004.943 Send ACK  1
005.189 ---- DATA 0 timeout
005.191 Send DATA 0 1, ID 20002
005.768 Recv DATA 0 1, ID 10006
005.770 .... 7 packets received, 2769 bps, 34.61%, Err 0 (0.0e+000)
005.773 Send ACK  0
006.001 Recv ACK  0
006.003 Send DATA 1 0, ID 20003
006.562 Recv DATA 1 0, ID 10007
006.564 Send ACK  1
006.813 Recv ACK  1
006.814 Send DATA 0 1, ID 20004
007.360 Recv DATA 0 1, ID 10008
007.362 Send ACK  0
007.610 Recv ACK  0
015.296 Send DATA 1 0, ID 20005
015.590 Recv DATA 1 0, ID 10009
015.592 .... 10 packets received, 1365 bps, 17.07%, Err 0 (0.0e+000)
015.593 Send ACK  1
015.621 Recv DATA 1 0, ID 10009
015.622 Send ACK  1
015.652 Recv DATA 1 0, ID 10009
015.655 Send ACK  1
015.683 Recv DATA 1 0, ID 10009
015.685 Send ACK  1
015.918 Recv ACK  1
015.921 Send DATA 0 1, ID 20006
016.373 Recv DATA 0 1, ID 10010
016.375 Send ACK  0
016.731 Recv ACK  0
016.732 Send DATA 1 0, ID 20007
017.197 Recv DATA 1 0, ID 10011
017.201 Send ACK  1
017.558 Recv ACK  1
017.559 Send DATA 0 1, ID 20008
018.007 **** Receiver Error, Bad CRC Checksum
018.393 Recv ACK  0
018.399 Send DATA 1 1, ID 20009
019.200 Recv ACK  1
019.211 Send DATA 0 1, ID 20010
019.990 Recv ACK  0
019.992 Send DATA 1 1, ID 20011
020.517 Recv DATA 0 0, ID 10012
020.519 .... 13 packets received, 1336 bps, 16.70%, Err 1 (2.7e-005)
020.521 Send ACK  0
020.811 Recv ACK  1
020.813 Send DATA 0 0, ID 20012
021.336 Recv DATA 1 1, ID 10013
021.340 Send ACK  1
021.602 Recv ACK  0
021.604 Send DATA 1 1, ID 20013
022.129 Recv DATA 0 0, ID 10014
022.131 Send ACK  0
022.423 Recv ACK  1
022.425 Send DATA 0 0, ID 20014
022.923 Recv DATA 1 1, ID 10015
022.926 .... 16 packets received, 1467 bps, 18.34%, Err 1 (2.3e-005)
022.927 Send ACK  1
023.232 Recv ACK  0
023.234 Send DATA 1 1, ID 20015
023.727 Recv DATA 0 0, ID 10016
023.730 Send ACK  0
024.038 Recv ACK  1
024.040 Send DATA 0 0, ID 20016
024.521 Recv DATA 1 1, ID 10017
024.524 Send ACK  1
024.848 Recv ACK  0
024.850 Send DATA 1 1, ID 20017
025.316 Recv DATA 0 0, ID 10018
025.319 .... 19 packets received, 1574 bps, 19.67%, Err 1 (2.0e-005)
025.321 Send ACK  0
025.674 Recv ACK  1
025.675 Send DATA 0 0, ID 20018
026.152 Recv DATA 1 1, ID 10019
026.155 Send ACK  1
026.478 Recv ACK  0
026.480 Send DATA 1 1, ID 20019
026.958 Recv DATA 0 0, ID 10020
026.961 Send ACK  0
027.285 Recv ACK  1
027.287 Send DATA 0 0, ID 20020
027.752 Recv DATA 1 1, ID 10021
027.756 .... 22 packets received, 1659 bps, 20.74%, Err 1 (1.8e-005)
027.757 Send ACK  1
028.094 Recv ACK  0
028.095 Send DATA 1 1, ID 20021
028.559 Recv DATA 0 0, ID 10022
028.562 Send ACK  0
028.915 Recv ACK  1
028.917 Send DATA 0 0, ID 20022
029.363 Recv DATA 1 1, ID 10023
029.366 Send ACK  1
029.736 Recv ACK  0
029.739 Send DATA 1 1, ID 20023
030.187 Recv DATA 0 0, ID 10024
030.190 .... 25 packets received, 1730 bps, 21.62%, Err 1 (1.6e-005)
030.191 Send ACK  0
030.544 Recv ACK  1
030.546 Send DATA 0 0, ID 20024
030.997 Recv DATA 1 1, ID 10025
031.000 Send ACK  1
031.369 Recv ACK  0
031.371 Send DATA 1 1, ID 20025
031.833 Recv DATA 0 0, ID 10026
031.835 Send ACK  0
032.189 Recv ACK  1
032.191 Send DATA 0 0, ID 20026
032.626 Recv DATA 1 1, ID 10027
032.628 .... 28 packets received, 1790 bps, 22.38%, Err 1 (1.4e-005)
032.629 Send ACK  1
032.983 Recv ACK  0
032.984 Send DATA 1 1, ID 20027
033.434 Recv DATA 0 0, ID 10028
033.436 Send ACK  0
033.807 Recv ACK  1
033.809 Send DATA 0 0, ID 20028
034.224 Recv DATA 1 1, ID 10029
034.227 Send ACK  1
034.643 Recv ACK  0
034.646 Send DATA 1 1, ID 20029
035.019 Recv DATA 0 0, ID 10030
035.022 .... 31 packets received, 1844 bps, 23.05%, Err 1 (1.3e-005)
035.023 Send ACK  0
035.470 Recv ACK  1
035.471 Send DATA 0 0, ID 20030
035.862 Recv DATA 1 1, ID 10031
035.863 Send ACK  1
036.282 Recv ACK  0
036.288 Send DATA 1 1, ID 20031
036.655 Recv DATA 0 0, ID 10032
036.660 Send ACK  0
037.087 Recv ACK  1
037.093 Send DATA 0 0, ID 20032
037.460 Recv DATA 1 1, ID 10033
037.463 .... 34 packets received, 1889 bps, 23.61%, Err 1 (1.2e-005)
037.465 Send ACK  1
037.893 Recv ACK  0
037.895 Send DATA 1 1, ID 20033
038.265 Recv DATA 0 0, ID 10034
038.268 Send ACK  0
038.701 Recv ACK  1
038.703 Send DATA 0 0, ID 20034
039.058 Recv DATA 1 1, ID 10035
039.060 Send ACK  1
039.522 Recv ACK  0
039.524 Send DATA 1 1, ID 20035
039.846 Recv DATA 0 0, ID 10036
039.848 .... 37 packets received, 1930 bps, 24.13%, Err 1 (1.1e-005)
039.850 Send ACK  0
040.344 Recv ACK  1
040.346 Send DATA 0 0, ID 20036
040.639 Recv DATA 1 1, ID 10037
040.641 Send ACK  1
041.153 Recv ACK  0
041.155 Send DATA 1 1, ID 20037
041.463 Recv DATA 0 0, ID 10038
041.467 Send ACK  0
041.975 Recv ACK  1
041.977 Send DATA 0 0, ID 20038
042.270 Recv DATA 1 1, ID 10039
042.274 .... 40 packets received, 1965 bps, 24.57%, Err 1 (1.1e-005)
042.275 Send ACK  1
042.784 Recv ACK  0
042.786 Send DATA 1 1, ID 20039
043.078 Recv DATA 0 0, ID 10040
043.081 Send ACK  0
043.622 Recv ACK  1
043.624 Send DATA 0 0, ID 20040
043.885 Recv DATA 1 1, ID 10041
043.888 Send ACK  1
044.430 Recv ACK  0
044.432 Send DATA 1 1, ID 20041
044.696 Recv DATA 0 0, ID 10042
044.699 .... 43 packets received, 1997 bps, 24.96%, Err 1 (9.8e-006)
044.700 Send ACK  0
045.245 Recv ACK  1
045.247 Send DATA 0 0, ID 20042
045.510 Recv DATA 1 1, ID 10043
045.514 Send ACK  1
046.058 Recv ACK  0
046.060 Send DATA 1 1, ID 20043
046.323 Recv DATA 0 0, ID 10044
046.326 Send ACK  0
046.885 Recv ACK  1
046.887 Send DATA 0 0, ID 20044
047.164 Recv DATA 1 1, ID 10045
047.167 .... 46 packets received, 2023 bps, 25.29%, Err 1 (9.3e-006)
047.168 Send ACK  1
047.710 Recv ACK  0
047.711 Send DATA 1 1, ID 20045
047.973 Recv DATA 0 0, ID 10046
047.977 Send ACK  0
048.531 Recv ACK  1
048.533 Send DATA 0 0, ID 20046
049.339 Recv DATA 1 1, ID 10047
049.343 .... 48 packets received, 2017 bps, 25.21%, Err 1 (8.9e-006)
049.345 Send ACK  1
049.370 Recv ACK  0
049.371 Send DATA 1 1, ID 20047
050.159 Recv DATA 0 0, ID 10048
050.161 Send ACK  0
050.721 Recv ACK  1
050.723 Send DATA 0 0, ID 20048
050.970 Recv DATA 1 1, ID 10049
050.973 Send ACK  1
051.529 Recv ACK  0
051.531 Send DATA 1 1, ID 20049
051.792 Recv DATA 0 0, ID 10050
051.794 .... 51 packets received, 2040 bps, 25.50%, Err 1 (8.4e-006)
051.795 Send ACK  0
052.363 Recv ACK  1
052.365 Send DATA 0 0, ID 20050
053.184 Recv DATA 1 1, ID 10051
053.186 Send ACK  1
053.214 Recv ACK  0
053.215 Send DATA 1 1, ID 20051
053.994 Recv DATA 0 0, ID 10052
053.996 .... 53 packets received, 2033 bps, 25.41%, Err 1 (8.1e-006)
053.999 Send ACK  0
054.025 Recv ACK  1
054.026 Send DATA 0 0, ID 20052
054.798 Recv DATA 1 1, ID 10053
054.801 Send ACK  1
054.830 Recv ACK  0
054.831 Send DATA 1 1, ID 20053
055.618 Recv DATA 0 0, ID 10054
055.621 Send ACK  0
055.649 Recv ACK  1
055.650 Send DATA 0 0, ID 20054
056.428 Recv DATA 1 1, ID 10055
056.431 .... 56 packets received, 2054 bps, 25.67%, Err 1 (7.7e-006)
056.432 Send ACK  1
056.459 Recv ACK  0
056.460 Send DATA 1 1, ID 20055
057.247 **** Receiver Error, Bad CRC Checksum
057.278 Recv ACK  1
057.279 Send DATA 0 1, ID 20056
058.088 Recv ACK  0
058.089 Send DATA 1 1, ID 20057
058.909 Recv ACK  1
058.911 Send DATA 0 1, ID 20058
059.721 Recv DATA 0 1, ID 10056
059.723 .... 57 packets received, 1974 bps, 24.68%, Err 2 (1.5e-005)
059.725 Send ACK  0
059.751 Recv ACK  0
059.753 Send DATA 1 0, ID 20059
060.511 Recv DATA 1 0, ID 10057
060.513 Send ACK  1
060.542 Recv ACK  1
060.543 Send DATA 0 1, ID 20060
061.317 **** Receiver Error, Bad CRC Checksum
061.363 Recv ACK  0
061.364 Send DATA 1 1, ID 20061
062.172 Recv ACK  1
062.173 Send DATA 0 1, ID 20062
062.982 Recv ACK  0
062.983 Send DATA 1 1, ID 20063
063.852 Recv DATA 0 0, ID 10058
063.855 .... 59 packets received, 1910 bps, 23.88%, Err 3 (2.1e-005)
063.855 Send ACK  0
064.411 Recv ACK  1
064.412 Send DATA 0 0, ID 20064
064.657 Recv DATA 1 1, ID 10059
064.659 Send ACK  1
065.234 Recv ACK  0
065.236 Send DATA 1 1, ID 20065
065.485 Recv DATA 0 0, ID 10060
065.487 Send ACK  0
