000.000 =============================================================
000.000                     Station A                               
000.000 -------------------------------------------------------------
000.000 Protocol.lib, version 4.0, jiangyanjun0718@bupt.edu.cn
000.000 Channel: 8000 bps, 270 ms propagation delay, bit error rate 1.0E-005
000.000 Log file "stopwait-A.log", TCP port 59144, debug mask 0x03
000.000 Station A is waiting for station B on TCP port 59144 ... Done.
000.302 New epoch: Thu May 06 23:19:44 2021
000.303 =================================================================
000.304 
000.305 Designed by Jiang Yanjun, build: Oct 28 2018  16:36:26
000.305 Send DATA 0 1, ID 10000
001.136 Recv ACK  0
001.138 Send DATA 1 1, ID 10001
001.587 Recv DATA 0 0, ID 20000
001.590 Send ACK  0
001.957 Recv ACK  1
001.958 Send DATA 0 0, ID 10002
002.406 Recv DATA 1 1, ID 20001
002.409 Send ACK  1
002.781 Recv ACK  0
002.782 Send DATA 1 1, ID 10003
003.233 **** Receiver Error, Bad CRC Checksum
003.590 Recv ACK  1
003.592 Send DATA 0 1, ID 10004
004.414 Recv ACK  0
004.415 Send DATA 1 1, ID 10005
005.220 Recv ACK  1
005.222 Send DATA 0 1, ID 10006
005.722 Recv DATA 0 1, ID 20002
005.725 .... 3 packets received, 1338 bps, 16.72%, Err 1 (1.1e-004)
005.727 Send ACK  0
006.048 Recv ACK  0
006.050 Send DATA 1 0, ID 10007
006.530 Recv DATA 1 0, ID 20003
006.532 Send ACK  1
006.843 Recv ACK  1
006.844 Send DATA 0 1, ID 10008
007.327 Recv DATA 0 1, ID 20004
007.329 Send ACK  0
007.642 Recv ACK  0
007.643 Send DATA 1 0, ID 10009
010.142 ---- DATA 1 timeout
010.144 Send DATA 1 0, ID 10009
012.645 ---- DATA 1 timeout
012.647 Send DATA 1 0, ID 10009
015.142 ---- DATA 1 timeout
015.144 Send DATA 1 0, ID 10009
015.621 Recv DATA 1 0, ID 20005
015.622 .... 6 packets received, 848 bps, 10.60%, Err 1 (6.5e-005)
015.624 Send ACK  1
015.871 Recv ACK  1
015.873 Send DATA 0 1, ID 10010
015.902 Recv ACK  1
015.933 Recv ACK  1
015.965 Recv ACK  1
016.451 Recv DATA 0 1, ID 20006
016.454 Send ACK  0
016.654 Recv ACK  0
016.655 Send DATA 1 0, ID 10011
017.275 Recv DATA 1 0, ID 20007
017.278 Send ACK  1
017.479 Recv ACK  1
017.481 Send DATA 0 1, ID 10012
018.113 Recv DATA 0 1, ID 20008
018.116 .... 9 packets received, 1085 bps, 13.57%, Err 1 (4.6e-005)
018.118 Send ACK  0
018.922 Recv DATA 1 1, ID 20009
018.924 Send ACK  1
019.714 Recv DATA 0 1, ID 20010
019.716 Send ACK  0
019.975 ---- DATA 0 timeout
019.977 Send DATA 0 0, ID 10012
020.533 Recv DATA 1 1, ID 20011
020.535 .... 12 packets received, 1267 bps, 15.83%, Err 1 (3.5e-005)
020.535 Send ACK  1
020.811 Recv ACK  0
020.813 Send DATA 1 1, ID 10013
021.336 Recv DATA 0 0, ID 20012
021.340 Send ACK  0
021.602 Recv ACK  1
021.604 Send DATA 0 0, ID 10014
022.144 Recv DATA 1 1, ID 20013
022.147 Send ACK  1
022.408 Recv ACK  0
022.410 Send DATA 1 1, ID 10015
022.955 Recv DATA 0 0, ID 20014
022.957 .... 15 packets received, 1407 bps, 17.59%, Err 1 (2.9e-005)
022.959 Send ACK  0
023.201 Recv ACK  1
023.202 Send DATA 0 0, ID 10016
023.758 Recv DATA 1 1, ID 20015
023.761 Send ACK  1
024.007 Recv ACK  0
024.009 Send DATA 1 1, ID 10017
024.568 Recv DATA 0 0, ID 20016
024.570 Send ACK  0
024.801 Recv ACK  1
024.804 Send DATA 0 0, ID 10018
025.378 Recv DATA 1 1, ID 20017
025.380 .... 18 packets received, 1520 bps, 19.00%, Err 1 (2.4e-005)
025.382 Send ACK  1
025.595 Recv ACK  0
025.596 Send DATA 1 1, ID 10019
026.199 Recv DATA 0 0, ID 20018
026.202 Send ACK  0
026.431 Recv ACK  1
026.433 Send DATA 0 0, ID 10020
027.004 Recv DATA 1 1, ID 20019
027.006 Send ACK  1
027.239 Recv ACK  0
027.240 Send DATA 1 1, ID 10021
027.814 Recv DATA 0 0, ID 20020
027.817 .... 21 packets received, 1612 bps, 20.15%, Err 1 (2.1e-005)
027.818 Send ACK  0
028.030 Recv ACK  1
028.033 Send DATA 0 0, ID 10022
028.621 Recv DATA 1 1, ID 20021
028.623 Send ACK  1
028.838 Recv ACK  0
028.840 Send DATA 1 1, ID 10023
029.441 Recv DATA 0 0, ID 20022
029.443 Send ACK  0
029.644 Recv ACK  1
029.646 Send DATA 0 0, ID 10024
030.265 Recv DATA 1 1, ID 20023
030.267 .... 24 packets received, 1687 bps, 21.09%, Err 1 (1.8e-005)
030.269 Send ACK  1
030.466 Recv ACK  0
030.468 Send DATA 1 1, ID 10025
031.090 Recv DATA 0 0, ID 20024
031.092 Send ACK  0
031.277 Recv ACK  1
031.279 Send DATA 0 0, ID 10026
031.912 Recv DATA 1 1, ID 20025
031.915 Send ACK  1
032.112 Recv ACK  0
032.114 Send DATA 1 1, ID 10027
032.702 Recv DATA 0 0, ID 20026
032.704 .... 27 packets received, 1751 bps, 21.89%, Err 1 (1.6e-005)
032.706 Send ACK  0
032.905 Recv ACK  1
032.906 Send DATA 0 0, ID 10028
033.511 Recv DATA 1 1, ID 20027
033.512 Send ACK  1
033.714 Recv ACK  0
033.716 Send DATA 1 1, ID 10029
034.364 Recv DATA 0 0, ID 20028
034.367 Send ACK  0
034.504 Recv ACK  1
034.506 Send DATA 0 0, ID 10030
035.189 Recv DATA 1 1, ID 20029
035.191 .... 30 packets received, 1804 bps, 22.55%, Err 1 (1.5e-005)
035.192 Send ACK  1
035.313 Recv ACK  0
035.315 Send DATA 1 1, ID 10031
036.002 Recv DATA 0 0, ID 20030
036.006 Send ACK  0
036.142 Recv ACK  1
036.144 Send DATA 0 0, ID 10032
036.809 Recv DATA 1 1, ID 20031
036.812 Send ACK  1
036.933 Recv ACK  0
036.934 Send DATA 1 1, ID 10033
037.613 Recv DATA 0 0, ID 20032
037.616 .... 33 packets received, 1852 bps, 23.16%, Err 1 (1.4e-005)
037.617 Send ACK  0
037.737 Recv ACK  1
037.738 Send DATA 0 0, ID 10034
038.422 Recv DATA 1 1, ID 20033
038.425 Send ACK  1
038.547 Recv ACK  0
038.549 Send DATA 1 1, ID 10035
039.243 Recv DATA 0 0, ID 20034
039.246 Send ACK  0
039.335 Recv ACK  1
039.337 Send DATA 0 0, ID 10036
040.064 Recv DATA 1 1, ID 20035
040.067 .... 36 packets received, 1894 bps, 23.67%, Err 1 (1.2e-005)
040.071 Send ACK  1
040.127 Recv ACK  0
040.129 Send DATA 1 1, ID 10037
040.873 Recv DATA 0 0, ID 20036
040.876 Send ACK  0
040.919 Recv ACK  1
040.921 Send DATA 0 0, ID 10038
041.696 Recv DATA 1 1, ID 20037
041.698 Send ACK  1
041.756 Recv ACK  0
041.758 Send DATA 1 1, ID 10039
042.490 Recv DATA 0 0, ID 20038
042.492 .... 39 packets received, 1931 bps, 24.14%, Err 1 (1.2e-005)
042.493 Send ACK  0
042.552 Recv ACK  1
042.554 Send DATA 0 0, ID 10040
043.342 Recv DATA 1 1, ID 20039
043.346 Send ACK  1
043.372 Recv ACK  0
043.374 Send DATA 1 1, ID 10041
044.151 Recv DATA 0 0, ID 20040
044.154 Send ACK  0
044.182 Recv ACK  1
044.184 Send DATA 0 0, ID 10042
044.962 Recv DATA 1 1, ID 20041
044.965 .... 42 packets received, 1962 bps, 24.53%, Err 1 (1.1e-005)
044.970 Send ACK  1
044.994 Recv ACK  0
044.995 Send DATA 1 1, ID 10043
045.777 Recv DATA 0 0, ID 20042
045.780 Send ACK  0
045.807 Recv ACK  1
045.810 Send DATA 0 0, ID 10044
046.605 Recv DATA 1 1, ID 20043
046.608 Send ACK  1
046.609 Recv ACK  0
046.610 Send DATA 1 1, ID 10045
047.431 Recv DATA 0 0, ID 20044
047.434 .... 45 packets received, 1990 bps, 24.88%, Err 1 (1.0e-005)
047.438 Send ACK  0
047.461 Recv ACK  1
047.463 Send DATA 0 0, ID 10046
048.252 Recv DATA 1 1, ID 20045
048.255 Send ACK  1
048.812 Recv ACK  0
048.814 Send DATA 1 1, ID 10047
049.060 Recv DATA 0 0, ID 20046
049.063 Send ACK  0
049.616 Recv ACK  1
049.618 Send DATA 0 0, ID 10048
049.879 Recv DATA 1 1, ID 20047
049.883 .... 48 packets received, 2016 bps, 25.21%, Err 1 (9.4e-006)
049.884 Send ACK  1
050.440 Recv ACK  0
050.441 Send DATA 1 1, ID 10049
051.250 Recv DATA 0 0, ID 20048
051.254 Send ACK  0
051.280 Recv ACK  1
051.282 Send DATA 0 0, ID 10050
052.085 Recv DATA 1 1, ID 20049
052.087 .... 50 packets received, 2010 bps, 25.12%, Err 1 (9.0e-006)
052.089 Send ACK  1
052.643 Recv ACK  0
052.645 Send DATA 1 1, ID 10051
052.891 Recv DATA 0 0, ID 20050
052.893 Send ACK  0
053.461 Recv ACK  1
053.463 Send DATA 0 0, ID 10052
053.728 Recv DATA 1 1, ID 20051
053.729 Send ACK  1
054.270 Recv ACK  0
054.271 Send DATA 1 1, ID 10053
054.534 Recv DATA 0 0, ID 20052
054.537 .... 53 packets received, 2032 bps, 25.41%, Err 1 (8.5e-006)
054.538 Send ACK  0
055.077 Recv ACK  1
055.079 Send DATA 0 0, ID 10054
055.352 Recv DATA 1 1, ID 20053
055.355 Send ACK  1
055.898 Recv ACK  0
055.900 Send DATA 1 1, ID 10055
056.164 Recv DATA 0 0, ID 20054
056.166 Send ACK  0
056.705 Recv ACK  1
056.707 Send DATA 0 0, ID 10056
056.982 Recv DATA 1 1, ID 20055
056.985 .... 56 packets received, 2053 bps, 25.67%, Err 1 (8.1e-006)
056.987 Send ACK  1
057.808 Recv DATA 0 1, ID 20056
057.811 Send ACK  0
058.631 Recv DATA 1 1, ID 20057
058.633 Send ACK  1
059.205 ---- DATA 0 timeout
059.207 Send DATA 0 1, ID 10056
059.423 Recv DATA 0 1, ID 20058
059.425 .... 59 packets received, 2073 bps, 25.91%, Err 1 (7.7e-006)
059.426 Send ACK  0
059.999 Recv ACK  0
060.001 Send DATA 1 0, ID 10057
060.262 Recv DATA 1 0, ID 20059
060.264 Send ACK  1
060.788 Recv ACK  1
060.790 Send DATA 0 1, ID 10058
061.083 Recv DATA 0 1, ID 20060
061.085 Send ACK  0
061.895 Recv DATA 1 1, ID 20061
061.897 .... 62 packets received, 2090 bps, 26.12%, Err 1 (7.3e-006)
061.898 Send ACK  1
062.701 Recv DATA 0 1, ID 20062
062.703 Send ACK  0
063.294 ---- DATA 0 timeout
063.296 Send DATA 0 0, ID 10058
063.510 Recv DATA 1 1, ID 20063
063.513 Send ACK  1
064.132 Recv ACK  0
064.134 Send DATA 1 1, ID 10059
064.938 Recv DATA 0 0, ID 20064
064.940 .... 65 packets received, 2086 bps, 26.08%, Err 1 (7.0e-006)
064.941 Send ACK  0
064.968 Recv ACK  1
064.970 Send DATA 0 0, ID 10060
065.626 TCP disconnected.
